This is pdfTeX, Version 3.1415926-2.5-1.40.14 (TeX Live 2013/Debian) (format=pdflatex 2014.11.2)  4 NOV 2014 00:54
entering extended mode
 restricted \write18 enabled.
 %&-line parsing enabled.
**conext14.tex
(./conext14.tex
LaTeX2e <2011/06/27>
Babel <3.9f> and hyphenation patterns for 78 languages loaded.
(./sig-alternate.cls
(/usr/share/texlive/texmf-dist/tex/latex/graphics/epsfig.sty
Package: epsfig 1999/02/16 v1.7a (e)psfig emulation (SPQR)

(/usr/share/texlive/texmf-dist/tex/latex/graphics/graphicx.sty
Package: graphicx 1999/02/16 v1.0f Enhanced LaTeX Graphics (DPC,SPQR)

(/usr/share/texlive/texmf-dist/tex/latex/graphics/keyval.sty
Package: keyval 1999/03/16 v1.13 key=value parser (DPC)
\KV@toks@=\toks14
)
(/usr/share/texlive/texmf-dist/tex/latex/graphics/graphics.sty
Package: graphics 2009/02/05 v1.0o Standard LaTeX Graphics (DPC,SPQR)

(/usr/share/texlive/texmf-dist/tex/latex/graphics/trig.sty
Package: trig 1999/03/16 v1.09 sin cos tan (DPC)
)
(/usr/share/texlive/texmf-dist/tex/latex/latexconfig/graphics.cfg
File: graphics.cfg 2010/04/23 v1.9 graphics configuration of TeX Live
)
Package graphics Info: Driver file: pdftex.def on input line 91.

(/usr/share/texlive/texmf-dist/tex/latex/pdftex-def/pdftex.def
File: pdftex.def 2011/05/27 v0.06d Graphics/color for pdfTeX

(/usr/share/texlive/texmf-dist/tex/generic/oberdiek/infwarerr.sty
Package: infwarerr 2010/04/08 v1.3 Providing info/warning/error messages (HO)
)
(/usr/share/texlive/texmf-dist/tex/generic/oberdiek/ltxcmds.sty
Package: ltxcmds 2011/11/09 v1.22 LaTeX kernel commands for general use (HO)
)
\Gread@gobject=\count79
))
\Gin@req@height=\dimen102
\Gin@req@width=\dimen103
)
\epsfxsize=\dimen104
\epsfysize=\dimen105
)
(/usr/share/texlive/texmf-dist/tex/latex/amsfonts/amssymb.sty
Package: amssymb 2013/01/14 v3.01 AMS font symbols

(/usr/share/texlive/texmf-dist/tex/latex/amsfonts/amsfonts.sty
Package: amsfonts 2013/01/14 v3.01 Basic AMSFonts support
\@emptytoks=\toks15
\symAMSa=\mathgroup4
\symAMSb=\mathgroup5
LaTeX Font Info:    Overwriting math alphabet `\mathfrak' in version `bold'
(Font)                  U/euf/m/n --> U/euf/b/n on input line 106.
))
(/usr/share/texlive/texmf-dist/tex/latex/amsmath/amsmath.sty
Package: amsmath 2013/01/14 v2.14 AMS math features
\@mathmargin=\skip41

For additional information on amsmath, use the `?' option.
(/usr/share/texlive/texmf-dist/tex/latex/amsmath/amstext.sty
Package: amstext 2000/06/29 v2.01

(/usr/share/texlive/texmf-dist/tex/latex/amsmath/amsgen.sty
File: amsgen.sty 1999/11/30 v2.0
\@emptytoks=\toks16
\ex@=\dimen106
))
(/usr/share/texlive/texmf-dist/tex/latex/amsmath/amsbsy.sty
Package: amsbsy 1999/11/29 v1.2d
\pmbraise@=\dimen107
)
(/usr/share/texlive/texmf-dist/tex/latex/amsmath/amsopn.sty
Package: amsopn 1999/12/14 v2.01 operator names
)
\inf@bad=\count80
LaTeX Info: Redefining \frac on input line 210.
\uproot@=\count81
\leftroot@=\count82
LaTeX Info: Redefining \overline on input line 306.
\classnum@=\count83
\DOTSCASE@=\count84
LaTeX Info: Redefining \ldots on input line 378.
LaTeX Info: Redefining \dots on input line 381.
LaTeX Info: Redefining \cdots on input line 466.
\Mathstrutbox@=\box26
\strutbox@=\box27
\big@size=\dimen108
LaTeX Font Info:    Redeclaring font encoding OML on input line 566.
LaTeX Font Info:    Redeclaring font encoding OMS on input line 567.
\macc@depth=\count85
\c@MaxMatrixCols=\count86
\dotsspace@=\muskip10
\c@parentequation=\count87
\dspbrk@lvl=\count88
\tag@help=\toks17
\row@=\count89
\column@=\count90
\maxfields@=\count91
\andhelp@=\toks18
\eqnshift@=\dimen109
\alignsep@=\dimen110
\tagshift@=\dimen111
\tagwidth@=\dimen112
\totwidth@=\dimen113
\lineht@=\dimen114
\@envbody=\toks19
\multlinegap=\skip42
\multlinetaggap=\skip43
\mathdisplay@stack=\toks20
LaTeX Info: Redefining \[ on input line 2665.
LaTeX Info: Redefining \] on input line 2666.
)
Document Class 'sig-alternate' <23rd. May '12>. Modified by G.K.M. Tobin/Gerry 
Murray
Based in part upon document Style `acmconf' <22 May 89>. Hacked 4/91 by
shivers@cs.cmu.edu, 4/93 by theobald@cs.mcgill.ca
Excerpts were taken from (Journal Style) 'esub2acm.cls'.
****** Bugs/comments/suggestions/technicalities to Gerry Murray -- murray@hq.ac
m.org ******
Questions on the style, SIGS policies, etc. to Adrienne Griscti griscti@acm.org

\footheight=\dimen115
\@maxsep=\dimen116
\@dblmaxsep=\dimen117
\aucount=\count92
\originalaucount=\count93
\auwidth=\dimen118
\auskip=\dimen119
\auskipcount=\count94
\auskip=\dimen120
\allauboxes=\dimen121
\addauthors=\toks21
\addauflag=\count95
\subtitletext=\toks22
\savesection=\count96
\sectioncntr=\count97
\c@figure=\count98
\c@table=\count99
\titleboxnotes=\toks23
\titleboxnoteflag=\count100
Document Class: sig-alternate 2012/05/23 - V2.5 - based on acmproc.cls V1.3 <No
v. 30 '99>
(/usr/share/texlive/texmf-dist/tex/latex/base/latexsym.sty
Package: latexsym 1998/08/17 v2.2e Standard LaTeX package (lasy symbols)
\symlasy=\mathgroup6
LaTeX Font Info:    Overwriting symbol font `lasy' in version `bold'
(Font)                  U/lasy/m/n --> U/lasy/b/n on input line 47.
)
\@acmtitlebox=\box28
\titlenotecount=\count101
\tntoks=\toks24
\tntokstwo=\toks25
\tntoksthree=\toks26
\tntoksfour=\toks27
\tntoksfive=\toks28
\catcount=\count102
\copyrightnotice=\toks29
\conf=\toks30
\confinfo=\toks31
\c@part=\count103
\c@section=\count104
\c@subsection=\count105
\c@subsubsection=\count106
\c@paragraph=\count107

Using 'Abbrev' bibliography style
LaTeX Info: Redefining \cite on input line 1211.
\bibindent=\dimen122
\colcntr=\count108
\saveb@x=\box29
\copyrtyr=\toks32
\acmcopyr=\toks33
\boilerplate=\toks34
\copyrightetc=\toks35
(/usr/share/texlive/texmf-dist/tex/latex/base/fontenc.sty
Package: fontenc 2005/09/27 v1.99g Standard LaTeX package

(/usr/share/texlive/texmf-dist/tex/latex/base/t1enc.def
File: t1enc.def 2005/09/27 v1.99g Standard LaTeX file
LaTeX Font Info:    Redeclaring font encoding T1 on input line 43.
)
LaTeX Font Info:    Try loading font information for T1+aer on input line 100.

(/usr/share/texlive/texmf-dist/tex/latex/ae/t1aer.fd
File: t1aer.fd 1997/11/16 Font definitions for T1/aer.
)))
(/usr/share/texlive/texmf-dist/tex/latex/subfigure/subfigure.sty
Package: subfigure 2002/03/15 v2.1.5 subfigure package
\subfigtopskip=\skip44
\subfigcapskip=\skip45
\subfigcaptopadj=\dimen123
\subfigbottomskip=\skip46
\subfigcapmargin=\dimen124
\subfiglabelskip=\skip47
\c@subfigure=\count109
\c@lofdepth=\count110
\c@subtable=\count111
\c@lotdepth=\count112

****************************************
* Local config file subfigure.cfg used *
****************************************
(/usr/share/texlive/texmf-dist/tex/latex/subfigure/subfigure.cfg)
\subfig@top=\skip48
\subfig@bottom=\skip49
)
(/usr/share/texlive/texmf-dist/tex/latex/algorithms/algorithm.sty
Package: algorithm 2009/08/24 v0.1 Document Style `algorithm' - floating enviro
nment

(/usr/share/texlive/texmf-dist/tex/latex/float/float.sty
Package: float 2001/11/08 v1.3d Float enhancements (AL)
\c@float@type=\count113
\float@exts=\toks36
\float@box=\box30
\@float@everytoks=\toks37
\@floatcapt=\box31
)
(/usr/share/texlive/texmf-dist/tex/latex/base/ifthen.sty
Package: ifthen 2001/05/26 v1.1c Standard LaTeX ifthen package (DPC)
)
\@float@every@algorithm=\toks38
\c@algorithm=\count114
)
(/usr/share/texlive/texmf-dist/tex/latex/algorithms/algorithmic.sty
Package: algorithmic 2009/08/24 v0.1 Document Style `algorithmic'
\c@ALC@unique=\count115
\c@ALC@line=\count116
\c@ALC@rem=\count117
\c@ALC@depth=\count118
\ALC@tlm=\skip50
\algorithmicindent=\skip51
)
(/usr/share/texlive/texmf-dist/tex/latex/psnfss/times.sty
Package: times 2005/04/12 PSNFSS-v9.2a (SPQR) 
)
(/usr/share/texlive/texmf-dist/tex/latex/oberdiek/epstopdf.sty
Package: epstopdf 2010/02/09 v2.5 Conversion with epstopdf on the fly (HO)

(/usr/share/texlive/texmf-dist/tex/latex/oberdiek/epstopdf-base.sty
Package: epstopdf-base 2010/02/09 v2.5 Base part for package epstopdf

(/usr/share/texlive/texmf-dist/tex/latex/oberdiek/grfext.sty
Package: grfext 2010/08/19 v1.1 Manage graphics extensions (HO)

(/usr/share/texlive/texmf-dist/tex/generic/oberdiek/kvdefinekeys.sty
Package: kvdefinekeys 2011/04/07 v1.3 Define keys (HO)
))
(/usr/share/texlive/texmf-dist/tex/latex/oberdiek/kvoptions.sty
Package: kvoptions 2011/06/30 v3.11 Key value format for package options (HO)

(/usr/share/texlive/texmf-dist/tex/generic/oberdiek/kvsetkeys.sty
Package: kvsetkeys 2012/04/25 v1.16 Key value parser (HO)

(/usr/share/texlive/texmf-dist/tex/generic/oberdiek/etexcmds.sty
Package: etexcmds 2011/02/16 v1.5 Avoid name clashes with e-TeX commands (HO)

(/usr/share/texlive/texmf-dist/tex/generic/oberdiek/ifluatex.sty
Package: ifluatex 2010/03/01 v1.3 Provides the ifluatex switch (HO)
Package ifluatex Info: LuaTeX not detected.
)
Package etexcmds Info: Could not find \expanded.
(etexcmds)             That can mean that you are not using pdfTeX 1.50 or
(etexcmds)             that some package has redefined \expanded.
(etexcmds)             In the latter case, load this package earlier.
)))
(/usr/share/texlive/texmf-dist/tex/generic/oberdiek/pdftexcmds.sty
Package: pdftexcmds 2011/11/29 v0.20 Utility functions of pdfTeX for LuaTeX (HO
)

(/usr/share/texlive/texmf-dist/tex/generic/oberdiek/ifpdf.sty
Package: ifpdf 2011/01/30 v2.3 Provides the ifpdf switch (HO)
Package ifpdf Info: pdfTeX in PDF mode is detected.
)
Package pdftexcmds Info: LuaTeX not detected.
Package pdftexcmds Info: \pdf@primitive is available.
Package pdftexcmds Info: \pdf@ifprimitive is available.
Package pdftexcmds Info: \pdfdraftmode found.
)
Package grfext Info: Graphics extension search list:
(grfext)             [.png,.pdf,.jpg,.mps,.jpeg,.jbig2,.jb2,.PNG,.PDF,.JPG,.JPE
G,.JBIG2,.JB2,.eps]
(grfext)             \AppendGraphicsExtensions on input line 452.

(/usr/share/texlive/texmf-dist/tex/latex/latexconfig/epstopdf-sys.cfg
File: epstopdf-sys.cfg 2010/07/13 v1.3 Configuration of (r)epstopdf for TeX Liv
e
)))
(/usr/share/texlive/texmf-dist/tex/latex/url/url.sty
\Urlmuskip=\muskip11
Package: url 2006/04/12  ver 3.3  Verb mode for urls, etc.
)
(/usr/share/texlive/texmf-dist/tex/latex/psfrag/psfrag.sty
Package: psfrag 1998/04/11 v3.04 PSfrag (MCG)
\pfg@pcount=\count119
\pfg@scount=\count120
\pfg@temp=\write3
)
(/usr/share/texlive/texmf-dist/tex/latex/tools/verbatim.sty
Package: verbatim 2003/08/22 v1.5q LaTeX2e package for verbatim enhancements
\every@verbatim=\toks39
\verbatim@line=\toks40
\verbatim@in@stream=\read1
)
(/usr/share/texlive/texmf-dist/tex/latex/graphics/color.sty
Package: color 2005/11/14 v1.0j Standard LaTeX Color (DPC)

(/usr/share/texlive/texmf-dist/tex/latex/latexconfig/color.cfg
File: color.cfg 2007/01/18 v1.5 color configuration of teTeX/TeXLive
)
Package color Info: Driver file: pdftex.def on input line 130.
)
(/usr/share/texlive/texmf-dist/tex/latex/caption/caption.sty
Package: caption 2013/05/02 v3.3-89 Customizing captions (AR)

(/usr/share/texlive/texmf-dist/tex/latex/caption/caption3.sty
Package: caption3 2013/05/02 v1.6-88 caption3 kernel (AR)
Package caption3 Info: TeX engine: e-TeX on input line 57.
\captionmargin=\dimen125
\captionmargin@=\dimen126
\captionwidth=\dimen127
\caption@tempdima=\dimen128
\caption@indent=\dimen129
\caption@parindent=\dimen130
\caption@hangindent=\dimen131
\abovecaptionskip=\skip52
\belowcaptionskip=\skip53
Package caption Info: Unknown document class (or package),
(caption)             standard defaults will be used.
)

Package caption Warning: Unsupported document class (or package) detected,
(caption)                usage of the caption package is not recommended.
See the caption package documentation for explanation.

Package caption Info: \@makecaption = \long macro:#1#2-> \vskip 10pt \setbox \@
tempboxa \hbox {\textbf {#1: #2}} \ifdim \wd \@tempboxa >\hsize \textbf {#1: #2
}\par \else \hbox to\hsize {\hfil \box \@tempboxa \hfil } \fi .
\c@ContinuedFloat=\count121
Package caption Info: float package is loaded.
Package caption Info: subfigure package is loaded.
)
\c@lemma=\count122
\c@theorem=\count123
\c@proposition=\count124
\c@conjecture=\count125
\c@definition=\count126


LaTeX Warning: Unused global option(s):
    [conference].

(./conext14.aux

LaTeX Warning: Label `fig.no_limit' multiply defined.

)
\openout1 = `conext14.aux'.

LaTeX Font Info:    Checking defaults for OML/cmm/m/it on input line 151.
LaTeX Font Info:    ... okay on input line 151.
LaTeX Font Info:    Checking defaults for T1/cmr/m/n on input line 151.
LaTeX Font Info:    ... okay on input line 151.
LaTeX Font Info:    Checking defaults for OT1/cmr/m/n on input line 151.
LaTeX Font Info:    ... okay on input line 151.
LaTeX Font Info:    Checking defaults for OMS/cmsy/m/n on input line 151.
LaTeX Font Info:    ... okay on input line 151.
LaTeX Font Info:    Checking defaults for OMX/cmex/m/n on input line 151.
LaTeX Font Info:    ... okay on input line 151.
LaTeX Font Info:    Checking defaults for U/cmr/m/n on input line 151.
LaTeX Font Info:    ... okay on input line 151.
LaTeX Font Info:    Try loading font information for T1+ptm on input line 151.
 (/usr/share/texlive/texmf-dist/tex/latex/psnfss/t1ptm.fd
File: t1ptm.fd 2001/06/04 font definitions for T1/ptm.
)
(/usr/share/texlive/texmf-dist/tex/context/base/supp-pdf.mkii
[Loading MPS to PDF converter (version 2006.09.02).]
\scratchcounter=\count127
\scratchdimen=\dimen132
\scratchbox=\box32
\nofMPsegments=\count128
\nofMParguments=\count129
\everyMPshowfont=\toks41
\MPscratchCnt=\count130
\MPscratchDim=\dimen133
\MPnumerator=\count131
\makeMPintoPDFobject=\count132
\everyMPtoPDFconversion=\toks42
)
Package caption Info: Begin \AtBeginDocument code.
Package caption Info: End \AtBeginDocument code.
LaTeX Font Info:    Try loading font information for U+msa on input line 169.
 (/usr/share/texlive/texmf-dist/tex/latex/amsfonts/umsa.fd
File: umsa.fd 2013/01/14 v3.01 AMS symbols A
)
LaTeX Font Info:    Try loading font information for U+msb on input line 169.

(/usr/share/texlive/texmf-dist/tex/latex/amsfonts/umsb.fd
File: umsb.fd 2013/01/14 v3.01 AMS symbols B
)
LaTeX Font Info:    Try loading font information for U+lasy on input line 169.

(/usr/share/texlive/texmf-dist/tex/latex/base/ulasy.fd
File: ulasy.fd 1998/08/17 v2.2e LaTeX symbol font definitions
)

LaTeX Warning: No \author given.


Overfull \hbox (4.97694pt too wide) in paragraph at lines 174--175
\T1/ptm/m/n/9 Multipath In-ter-net trans-mis-sion has be-come avail-able in re-
cent years.
 []

(./intro.tex
Overfull \hbox (3.33897pt too wide) in paragraph at lines 12--13
[]\T1/ptm/m/n/9 Based on all weak-nesses of MPTCP and fea-si-bil-ity study of M
PIP,
 []

[1
Non-PDF special ignored!{/var/lib/texmf/fonts/map/pdftex/updmap/pdftex.map}


])
(./related.tex) (./design.tex
LaTeX Font Info:    Font shape `T1/ptm/bx/n' in size <9> not available
(Font)              Font shape `T1/ptm/b/n' tried instead on input line 39.

Overfull \hbox (1.80086pt too wide) in paragraph at lines 76--85
 [][] 
 []


Overfull \hbox (4.32928pt too wide) in paragraph at lines 94--95
[]\T1/ptm/m/n/9 For TCP pro-to-col, we don't sim-ply pop-u-late a new TCP packe
t
 []

[2]
Overfull \hbox (30.22418pt too wide) in paragraph at lines 113--127
 [][] 
 []

[3]
Package epstopdf Info: Source file: <fig/delay.eps>
(epstopdf)                    date: 2014-10-04 01:15:57
(epstopdf)                    size: 21016 bytes
(epstopdf)             Output file: <fig/delay-eps-converted-to.pdf>
(epstopdf)                    date: 2014-10-04 01:15:57
(epstopdf)                    size: 18741 bytes
(epstopdf)             Command: <repstopdf --outfile=fig/delay-eps-converted-to
.pdf fig/delay.eps>
(epstopdf)             \includegraphics on input line 233.
Package epstopdf Info: Output file is already uptodate.
 <fig/delay-eps-converted-to.pdf, id=20, 1888.05376pt x 991.705pt>
File: fig/delay-eps-converted-to.pdf Graphic file (type pdf)

<use fig/delay-eps-converted-to.pdf>
Package pdftex.def Info: fig/delay-eps-converted-to.pdf used on input line 233.

(pdftex.def)             Requested size: 192.00073pt x 100.84085pt.
 [4]

LaTeX Warning: Citation `skype' on page \thepage  undefined on input line 279.

[5 <./fig/delay-eps-converted-to.pdf>]
Overfull \hbox (3.14084pt too wide) in paragraph at lines 390--391
[]\T1/ptm/m/n/9 After the MPIP avail-abil-ity hand-shake has been suc-cess-full
y com-
 []

[6]

LaTeX Warning: Reference `fig.udpwrapper' on page \thepage  undefined on input 
line 434.

Package epstopdf Info: Source file: <fig/outoforder.eps>
(epstopdf)                    date: 2014-10-04 01:15:57
(epstopdf)                    size: 46934 bytes
(epstopdf)             Output file: <fig/outoforder-eps-converted-to.pdf>
(epstopdf)                    date: 2014-10-04 01:15:57
(epstopdf)                    size: 33727 bytes
(epstopdf)             Command: <repstopdf --outfile=fig/outoforder-eps-convert
ed-to.pdf fig/outoforder.eps>
(epstopdf)             \includegraphics on input line 457.
Package epstopdf Info: Output file is already uptodate.
<fig/outoforder-eps-converted-to.pdf, id=39, 1080.035pt x 1243.64626pt>
File: fig/outoforder-eps-converted-to.pdf Graphic file (type pdf)

<use fig/outoforder-eps-converted-to.pdf>
Package pdftex.def Info: fig/outoforder-eps-converted-to.pdf used on input line
 457.
(pdftex.def)             Requested size: 192.00073pt x 221.0761pt.
 [7]) (./evaluation.tex

LaTeX Warning: Reference `sec:together' on page \thepage  undefined on input li
ne 11.

Package epstopdf Info: Source file: <fig/out_of_order_wo_sack.eps>
(epstopdf)                    date: 2014-11-01 23:48:52
(epstopdf)                    size: 23897 bytes
(epstopdf)             Output file: <fig/out_of_order_wo_sack-eps-converted-to.
pdf>
(epstopdf)                    date: 2014-11-02 13:37:37
(epstopdf)                    size: 19002 bytes
(epstopdf)             Command: <repstopdf --outfile=fig/out_of_order_wo_sack-e
ps-converted-to.pdf fig/out_of_order_wo_sack.eps>
(epstopdf)             \includegraphics on input line 26.
Package epstopdf Info: Output file is already uptodate.

<fig/out_of_order_wo_sack-eps-converted-to.pdf, id=44, 512.91624pt x 423.5825pt
>
File: fig/out_of_order_wo_sack-eps-converted-to.pdf Graphic file (type pdf)
 <use fig/out_of_order_wo_sack-eps-converted-to.pdf>
Package pdftex.def Info: fig/out_of_order_wo_sack-eps-converted-to.pdf used on 
input line 26.
(pdftex.def)             Requested size: 166.32092pt x 137.35243pt.
Package epstopdf Info: Source file: <fig/out_of_order_w_sack.eps>
(epstopdf)                    date: 2014-11-01 23:48:52
(epstopdf)                    size: 23877 bytes
(epstopdf)             Output file: <fig/out_of_order_w_sack-eps-converted-to.p
df>
(epstopdf)                    date: 2014-11-02 13:37:39
(epstopdf)                    size: 18956 bytes
(epstopdf)             Command: <repstopdf --outfile=fig/out_of_order_w_sack-ep
s-converted-to.pdf fig/out_of_order_w_sack.eps>
(epstopdf)             \includegraphics on input line 27.
Package epstopdf Info: Output file is already uptodate.

<fig/out_of_order_w_sack-eps-converted-to.pdf, id=45, 512.91624pt x 423.5825pt>
File: fig/out_of_order_w_sack-eps-converted-to.pdf Graphic file (type pdf)
<use fig/out_of_order_w_sack-eps-converted-to.pdf>
Package pdftex.def Info: fig/out_of_order_w_sack-eps-converted-to.pdf used on i
nput line 27.
(pdftex.def)             Requested size: 166.32092pt x 137.35243pt.
Package epstopdf Info: Source file: <fig/clock.eps>
(epstopdf)                    date: 2014-11-01 23:48:52
(epstopdf)                    size: 10464 bytes
(epstopdf)             Output file: <fig/clock-eps-converted-to.pdf>
(epstopdf)                    date: 2014-11-02 13:37:40
(epstopdf)                    size: 7322 bytes
(epstopdf)             Command: <repstopdf --outfile=fig/clock-eps-converted-to
.pdf fig/clock.eps>
(epstopdf)             \includegraphics on input line 28.
Package epstopdf Info: Output file is already uptodate.

<fig/clock-eps-converted-to.pdf, id=46, 508.90125pt x 423.5825pt>
File: fig/clock-eps-converted-to.pdf Graphic file (type pdf)

<use fig/clock-eps-converted-to.pdf>
Package pdftex.def Info: fig/clock-eps-converted-to.pdf used on input line 28.
(pdftex.def)             Requested size: 166.32092pt x 138.43828pt.
Package epstopdf Info: Source file: <fig/implementation.eps>
(epstopdf)                    date: 2014-11-01 23:48:52
(epstopdf)                    size: 26382 bytes
(epstopdf)             Output file: <fig/implementation-eps-converted-to.pdf>
(epstopdf)                    date: 2014-11-02 13:37:41
(epstopdf)                    size: 18232 bytes
(epstopdf)             Command: <repstopdf --outfile=fig/implementation-eps-con
verted-to.pdf fig/implementation.eps>
(epstopdf)             \includegraphics on input line 29.
Package epstopdf Info: Output file is already uptodate.

<fig/implementation-eps-converted-to.pdf, id=47, 520.94624pt x 423.5825pt>
File: fig/implementation-eps-converted-to.pdf Graphic file (type pdf)

<use fig/implementation-eps-converted-to.pdf>
Package pdftex.def Info: fig/implementation-eps-converted-to.pdf used on input 
line 29.
(pdftex.def)             Requested size: 166.32092pt x 135.23247pt.
Package epstopdf Info: Source file: <fig/no_limit.eps>
(epstopdf)                    date: 2014-11-01 23:48:52
(epstopdf)                    size: 28608 bytes
(epstopdf)             Output file: <fig/no_limit-eps-converted-to.pdf>
(epstopdf)                    date: 2014-11-02 13:37:43
(epstopdf)                    size: 22425 bytes
(epstopdf)             Command: <repstopdf --outfile=fig/no_limit-eps-converted
-to.pdf fig/no_limit.eps>
(epstopdf)             \includegraphics on input line 30.
Package epstopdf Info: Output file is already uptodate.

<fig/no_limit-eps-converted-to.pdf, id=48, 520.94624pt x 423.5825pt>
File: fig/no_limit-eps-converted-to.pdf Graphic file (type pdf)

<use fig/no_limit-eps-converted-to.pdf>
Package pdftex.def Info: fig/no_limit-eps-converted-to.pdf used on input line 3
0.
(pdftex.def)             Requested size: 166.32092pt x 135.23247pt.
Package epstopdf Info: Source file: <fig/no_limit_tp_comp.eps>
(epstopdf)                    date: 2014-11-01 23:48:52
(epstopdf)                    size: 25162 bytes
(epstopdf)             Output file: <fig/no_limit_tp_comp-eps-converted-to.pdf>

(epstopdf)                    date: 2014-11-02 13:37:44
(epstopdf)                    size: 19463 bytes
(epstopdf)             Command: <repstopdf --outfile=fig/no_limit_tp_comp-eps-c
onverted-to.pdf fig/no_limit_tp_comp.eps>
(epstopdf)             \includegraphics on input line 31.
Package epstopdf Info: Output file is already uptodate.

<fig/no_limit_tp_comp-eps-converted-to.pdf, id=49, 520.94624pt x 423.5825pt>
File: fig/no_limit_tp_comp-eps-converted-to.pdf Graphic file (type pdf)

<use fig/no_limit_tp_comp-eps-converted-to.pdf>
Package pdftex.def Info: fig/no_limit_tp_comp-eps-converted-to.pdf used on inpu
t line 31.
(pdftex.def)             Requested size: 166.32092pt x 135.23247pt.
Package epstopdf Info: Source file: <fig/no_limit_qd_comp.eps>
(epstopdf)                    date: 2014-11-01 23:48:52
(epstopdf)                    size: 23387 bytes
(epstopdf)             Output file: <fig/no_limit_qd_comp-eps-converted-to.pdf>

(epstopdf)                    date: 2014-11-02 13:37:45
(epstopdf)                    size: 18072 bytes
(epstopdf)             Command: <repstopdf --outfile=fig/no_limit_qd_comp-eps-c
onverted-to.pdf fig/no_limit_qd_comp.eps>
(epstopdf)             \includegraphics on input line 32.
Package epstopdf Info: Output file is already uptodate.

<fig/no_limit_qd_comp-eps-converted-to.pdf, id=50, 516.93124pt x 423.5825pt>
File: fig/no_limit_qd_comp-eps-converted-to.pdf Graphic file (type pdf)

<use fig/no_limit_qd_comp-eps-converted-to.pdf>
Package pdftex.def Info: fig/no_limit_qd_comp-eps-converted-to.pdf used on inpu
t line 32.
(pdftex.def)             Requested size: 166.32092pt x 136.28598pt.
Package epstopdf Info: Source file: <fig/limit.eps>
(epstopdf)                    date: 2014-11-01 23:48:52
(epstopdf)                    size: 28756 bytes
(epstopdf)             Output file: <fig/limit-eps-converted-to.pdf>
(epstopdf)                    date: 2014-11-02 13:37:47
(epstopdf)                    size: 22264 bytes
(epstopdf)             Command: <repstopdf --outfile=fig/limit-eps-converted-to
.pdf fig/limit.eps>
(epstopdf)             \includegraphics on input line 33.
Package epstopdf Info: Output file is already uptodate.

<fig/limit-eps-converted-to.pdf, id=51, 520.94624pt x 423.5825pt>
File: fig/limit-eps-converted-to.pdf Graphic file (type pdf)

<use fig/limit-eps-converted-to.pdf>
Package pdftex.def Info: fig/limit-eps-converted-to.pdf used on input line 33.
(pdftex.def)             Requested size: 166.32092pt x 135.23247pt.
Package epstopdf Info: Source file: <fig/limit_tp_comp.eps>
(epstopdf)                    date: 2014-11-01 23:48:52
(epstopdf)                    size: 25494 bytes
(epstopdf)             Output file: <fig/limit_tp_comp-eps-converted-to.pdf>
(epstopdf)                    date: 2014-11-02 13:37:48
(epstopdf)                    size: 20455 bytes
(epstopdf)             Command: <repstopdf --outfile=fig/limit_tp_comp-eps-conv
erted-to.pdf fig/limit_tp_comp.eps>
(epstopdf)             \includegraphics on input line 34.
Package epstopdf Info: Output file is already uptodate.

<fig/limit_tp_comp-eps-converted-to.pdf, id=52, 520.94624pt x 423.5825pt>
File: fig/limit_tp_comp-eps-converted-to.pdf Graphic file (type pdf)

<use fig/limit_tp_comp-eps-converted-to.pdf>
Package pdftex.def Info: fig/limit_tp_comp-eps-converted-to.pdf used on input l
ine 34.
(pdftex.def)             Requested size: 166.32092pt x 135.23247pt.
Package epstopdf Info: Source file: <fig/limit_qd_comp.eps>
(epstopdf)                    date: 2014-11-01 23:48:52
(epstopdf)                    size: 23165 bytes
(epstopdf)             Output file: <fig/limit_qd_comp-eps-converted-to.pdf>
(epstopdf)                    date: 2014-11-02 13:37:50
(epstopdf)                    size: 17977 bytes
(epstopdf)             Command: <repstopdf --outfile=fig/limit_qd_comp-eps-conv
erted-to.pdf fig/limit_qd_comp.eps>
(epstopdf)             \includegraphics on input line 35.
Package epstopdf Info: Output file is already uptodate.

<fig/limit_qd_comp-eps-converted-to.pdf, id=53, 516.93124pt x 423.5825pt>
File: fig/limit_qd_comp-eps-converted-to.pdf Graphic file (type pdf)

<use fig/limit_qd_comp-eps-converted-to.pdf>
Package pdftex.def Info: fig/limit_qd_comp-eps-converted-to.pdf used on input l
ine 35.
(pdftex.def)             Requested size: 166.32092pt x 136.28598pt.
Package epstopdf Info: Source file: <fig/delay_1.eps>
(epstopdf)                    date: 2014-11-01 23:48:52
(epstopdf)                    size: 29262 bytes
(epstopdf)             Output file: <fig/delay_1-eps-converted-to.pdf>
(epstopdf)                    date: 2014-11-02 13:37:51
(epstopdf)                    size: 23243 bytes
(epstopdf)             Command: <repstopdf --outfile=fig/delay_1-eps-converted-
to.pdf fig/delay_1.eps>
(epstopdf)             \includegraphics on input line 36.
Package epstopdf Info: Output file is already uptodate.

<fig/delay_1-eps-converted-to.pdf, id=54, 520.94624pt x 423.5825pt>
File: fig/delay_1-eps-converted-to.pdf Graphic file (type pdf)

<use fig/delay_1-eps-converted-to.pdf>
Package pdftex.def Info: fig/delay_1-eps-converted-to.pdf used on input line 36
.
(pdftex.def)             Requested size: 166.32092pt x 135.23247pt.
Package epstopdf Info: Source file: <fig/delay_tp_comp.eps>
(epstopdf)                    date: 2014-11-01 23:48:52
(epstopdf)                    size: 25755 bytes
(epstopdf)             Output file: <fig/delay_tp_comp-eps-converted-to.pdf>
(epstopdf)                    date: 2014-11-02 13:37:53
(epstopdf)                    size: 20580 bytes
(epstopdf)             Command: <repstopdf --outfile=fig/delay_tp_comp-eps-conv
erted-to.pdf fig/delay_tp_comp.eps>
(epstopdf)             \includegraphics on input line 37.
Package epstopdf Info: Output file is already uptodate.

<fig/delay_tp_comp-eps-converted-to.pdf, id=55, 520.94624pt x 423.5825pt>
File: fig/delay_tp_comp-eps-converted-to.pdf Graphic file (type pdf)

<use fig/delay_tp_comp-eps-converted-to.pdf>
Package pdftex.def Info: fig/delay_tp_comp-eps-converted-to.pdf used on input l
ine 37.
(pdftex.def)             Requested size: 166.32092pt x 135.23247pt.
Package epstopdf Info: Source file: <fig/delay_qd_com.eps>
(epstopdf)                    date: 2014-10-09 20:45:07
(epstopdf)                    size: 25957 bytes
(epstopdf)             Output file: <fig/delay_qd_com-eps-converted-to.pdf>
(epstopdf)                    date: 2014-10-09 20:45:07
(epstopdf)                    size: 18373 bytes
(epstopdf)             Command: <repstopdf --outfile=fig/delay_qd_com-eps-conve
rted-to.pdf fig/delay_qd_com.eps>
(epstopdf)             \includegraphics on input line 38.
Package epstopdf Info: Output file is already uptodate.

<fig/delay_qd_com-eps-converted-to.pdf, id=56, 512.91624pt x 423.5825pt>
File: fig/delay_qd_com-eps-converted-to.pdf Graphic file (type pdf)

<use fig/delay_qd_com-eps-converted-to.pdf>
Package pdftex.def Info: fig/delay_qd_com-eps-converted-to.pdf used on input li
ne 38.
(pdftex.def)             Requested size: 166.32092pt x 137.35243pt.
Package epstopdf Info: Source file: <fig/wireless.eps>
(epstopdf)                    date: 2014-11-01 23:48:52
(epstopdf)                    size: 28662 bytes
(epstopdf)             Output file: <fig/wireless-eps-converted-to.pdf>
(epstopdf)                    date: 2014-11-02 13:37:54
(epstopdf)                    size: 22233 bytes
(epstopdf)             Command: <repstopdf --outfile=fig/wireless-eps-converted
-to.pdf fig/wireless.eps>
(epstopdf)             \includegraphics on input line 39.
Package epstopdf Info: Output file is already uptodate.

<fig/wireless-eps-converted-to.pdf, id=57, 520.94624pt x 423.5825pt>
File: fig/wireless-eps-converted-to.pdf Graphic file (type pdf)

<use fig/wireless-eps-converted-to.pdf>
Package pdftex.def Info: fig/wireless-eps-converted-to.pdf used on input line 3
9.
(pdftex.def)             Requested size: 166.32092pt x 135.23247pt.
Package epstopdf Info: Source file: <fig/wireless_tp_comp.eps>
(epstopdf)                    date: 2014-11-01 23:48:52
(epstopdf)                    size: 25264 bytes
(epstopdf)             Output file: <fig/wireless_tp_comp-eps-converted-to.pdf>

(epstopdf)                    date: 2014-11-02 13:37:55
(epstopdf)                    size: 19941 bytes
(epstopdf)             Command: <repstopdf --outfile=fig/wireless_tp_comp-eps-c
onverted-to.pdf fig/wireless_tp_comp.eps>
(epstopdf)             \includegraphics on input line 40.
Package epstopdf Info: Output file is already uptodate.

<fig/wireless_tp_comp-eps-converted-to.pdf, id=58, 520.94624pt x 423.5825pt>
File: fig/wireless_tp_comp-eps-converted-to.pdf Graphic file (type pdf)

<use fig/wireless_tp_comp-eps-converted-to.pdf>
Package pdftex.def Info: fig/wireless_tp_comp-eps-converted-to.pdf used on inpu
t line 40.
(pdftex.def)             Requested size: 166.32092pt x 135.23247pt.


LaTeX Warning: Float too large for page by 72.59512pt on input line 44.

Package epstopdf Info: Source file: <fig/wireless_qd_comp.eps>
(epstopdf)                    date: 2014-11-01 23:48:52
(epstopdf)                    size: 21021 bytes
(epstopdf)             Output file: <fig/wireless_qd_comp-eps-converted-to.pdf>

(epstopdf)                    date: 2014-11-02 13:37:57
(epstopdf)                    size: 15777 bytes
(epstopdf)             Command: <repstopdf --outfile=fig/wireless_qd_comp-eps-c
onverted-to.pdf fig/wireless_qd_comp.eps>
(epstopdf)             \includegraphics on input line 48.
Package epstopdf Info: Output file is already uptodate.
<fig/wireless_qd_comp-eps-converted-to.pdf, id=59, 512.91624pt x 423.5825pt>
File: fig/wireless_qd_comp-eps-converted-to.pdf Graphic file (type pdf)

<use fig/wireless_qd_comp-eps-converted-to.pdf>
Package pdftex.def Info: fig/wireless_qd_comp-eps-converted-to.pdf used on inpu
t line 48.
(pdftex.def)             Requested size: 166.32092pt x 137.35243pt.
Package epstopdf Info: Source file: <fig/routing_ack.eps>
(epstopdf)                    date: 2014-11-01 23:48:52
(epstopdf)                    size: 23960 bytes
(epstopdf)             Output file: <fig/routing_ack-eps-converted-to.pdf>
(epstopdf)                    date: 2014-11-02 13:37:58
(epstopdf)                    size: 18908 bytes
(epstopdf)             Command: <repstopdf --outfile=fig/routing_ack-eps-conver
ted-to.pdf fig/routing_ack.eps>
(epstopdf)             \includegraphics on input line 49.
Package epstopdf Info: Output file is already uptodate.

<fig/routing_ack-eps-converted-to.pdf, id=60, 512.91624pt x 423.5825pt>
File: fig/routing_ack-eps-converted-to.pdf Graphic file (type pdf)

<use fig/routing_ack-eps-converted-to.pdf>
Package pdftex.def Info: fig/routing_ack-eps-converted-to.pdf used on input lin
e 49.
(pdftex.def)             Requested size: 166.32092pt x 137.35243pt.
Package epstopdf Info: Source file: <fig/emulab.eps>
(epstopdf)                    date: 2014-11-01 23:48:52
(epstopdf)                    size: 50511 bytes
(epstopdf)             Output file: <fig/emulab-eps-converted-to.pdf>
(epstopdf)                    date: 2014-11-02 13:37:59
(epstopdf)                    size: 38892 bytes
(epstopdf)             Command: <repstopdf --outfile=fig/emulab-eps-converted-t
o.pdf fig/emulab.eps>
(epstopdf)             \includegraphics on input line 50.
Package epstopdf Info: Output file is already uptodate.

<fig/emulab-eps-converted-to.pdf, id=61, 512.91624pt x 423.5825pt>
File: fig/emulab-eps-converted-to.pdf Graphic file (type pdf)

<use fig/emulab-eps-converted-to.pdf>
Package pdftex.def Info: fig/emulab-eps-converted-to.pdf used on input line 50.

(pdftex.def)             Requested size: 166.32092pt x 137.35243pt.
Package epstopdf Info: Source file: <fig/emulab_tp_comp.eps>
(epstopdf)                    date: 2014-11-01 23:48:52
(epstopdf)                    size: 19720 bytes
(epstopdf)             Output file: <fig/emulab_tp_comp-eps-converted-to.pdf>
(epstopdf)                    date: 2014-11-02 13:38:01
(epstopdf)                    size: 15681 bytes
(epstopdf)             Command: <repstopdf --outfile=fig/emulab_tp_comp-eps-con
verted-to.pdf fig/emulab_tp_comp.eps>
(epstopdf)             \includegraphics on input line 51.
Package epstopdf Info: Output file is already uptodate.

<fig/emulab_tp_comp-eps-converted-to.pdf, id=62, 512.91624pt x 423.5825pt>
File: fig/emulab_tp_comp-eps-converted-to.pdf Graphic file (type pdf)

<use fig/emulab_tp_comp-eps-converted-to.pdf>
Package pdftex.def Info: fig/emulab_tp_comp-eps-converted-to.pdf used on input 
line 51.
(pdftex.def)             Requested size: 166.32092pt x 137.35243pt.
Package epstopdf Info: Source file: <fig/emulab_qd_comp.eps>
(epstopdf)                    date: 2014-11-01 23:48:52
(epstopdf)                    size: 16344 bytes
(epstopdf)             Output file: <fig/emulab_qd_comp-eps-converted-to.pdf>
(epstopdf)                    date: 2014-11-02 13:38:02
(epstopdf)                    size: 12377 bytes
(epstopdf)             Command: <repstopdf --outfile=fig/emulab_qd_comp-eps-con
verted-to.pdf fig/emulab_qd_comp.eps>
(epstopdf)             \includegraphics on input line 52.
Package epstopdf Info: Output file is already uptodate.

<fig/emulab_qd_comp-eps-converted-to.pdf, id=63, 520.94624pt x 423.5825pt>
File: fig/emulab_qd_comp-eps-converted-to.pdf Graphic file (type pdf)

<use fig/emulab_qd_comp-eps-converted-to.pdf>
Package pdftex.def Info: fig/emulab_qd_comp-eps-converted-to.pdf used on input 
line 52.
(pdftex.def)             Requested size: 166.32092pt x 135.23247pt.
Package epstopdf Info: Source file: <fig/pair_limit.eps>
(epstopdf)                    date: 2014-11-01 23:48:52
(epstopdf)                    size: 28673 bytes
(epstopdf)             Output file: <fig/pair_limit-eps-converted-to.pdf>
(epstopdf)                    date: 2014-11-02 13:38:03
(epstopdf)                    size: 22125 bytes
(epstopdf)             Command: <repstopdf --outfile=fig/pair_limit-eps-convert
ed-to.pdf fig/pair_limit.eps>
(epstopdf)             \includegraphics on input line 53.
Package epstopdf Info: Output file is already uptodate.

<fig/pair_limit-eps-converted-to.pdf, id=64, 520.94624pt x 423.5825pt>
File: fig/pair_limit-eps-converted-to.pdf Graphic file (type pdf)

<use fig/pair_limit-eps-converted-to.pdf>
Package pdftex.def Info: fig/pair_limit-eps-converted-to.pdf used on input line
 53.
(pdftex.def)             Requested size: 166.32092pt x 135.23247pt.
Package epstopdf Info: Source file: <fig/pair_limit_tp_comp.eps>
(epstopdf)                    date: 2014-11-01 23:48:52
(epstopdf)                    size: 25921 bytes
(epstopdf)             Output file: <fig/pair_limit_tp_comp-eps-converted-to.pd
f>
(epstopdf)                    date: 2014-11-02 13:38:05
(epstopdf)                    size: 20337 bytes
(epstopdf)             Command: <repstopdf --outfile=fig/pair_limit_tp_comp-eps
-converted-to.pdf fig/pair_limit_tp_comp.eps>
(epstopdf)             \includegraphics on input line 54.
Package epstopdf Info: Output file is already uptodate.

<fig/pair_limit_tp_comp-eps-converted-to.pdf, id=65, 520.94624pt x 423.5825pt>
File: fig/pair_limit_tp_comp-eps-converted-to.pdf Graphic file (type pdf)

<use fig/pair_limit_tp_comp-eps-converted-to.pdf>
Package pdftex.def Info: fig/pair_limit_tp_comp-eps-converted-to.pdf used on in
put line 54.
(pdftex.def)             Requested size: 166.32092pt x 135.23247pt.
Package epstopdf Info: Source file: <fig/pair_limit_qd_comp.eps>
(epstopdf)                    date: 2014-11-01 23:48:52
(epstopdf)                    size: 23479 bytes
(epstopdf)             Output file: <fig/pair_limit_qd_comp-eps-converted-to.pd
f>
(epstopdf)                    date: 2014-11-02 13:38:06
(epstopdf)                    size: 18085 bytes
(epstopdf)             Command: <repstopdf --outfile=fig/pair_limit_qd_comp-eps
-converted-to.pdf fig/pair_limit_qd_comp.eps>
(epstopdf)             \includegraphics on input line 55.
Package epstopdf Info: Output file is already uptodate.

<fig/pair_limit_qd_comp-eps-converted-to.pdf, id=66, 516.93124pt x 423.5825pt>
File: fig/pair_limit_qd_comp-eps-converted-to.pdf Graphic file (type pdf)

<use fig/pair_limit_qd_comp-eps-converted-to.pdf>
Package pdftex.def Info: fig/pair_limit_qd_comp-eps-converted-to.pdf used on in
put line 55.
(pdftex.def)             Requested size: 166.32092pt x 136.28598pt.
Package epstopdf Info: Source file: <fig/twopath.eps>
(epstopdf)                    date: 2014-10-30 22:08:07
(epstopdf)                    size: 15265 bytes
(epstopdf)             Output file: <fig/twopath-eps-converted-to.pdf>
(epstopdf)                    date: 2014-10-30 22:08:07
(epstopdf)                    size: 11153 bytes
(epstopdf)             Command: <repstopdf --outfile=fig/twopath-eps-converted-
to.pdf fig/twopath.eps>
(epstopdf)             \includegraphics on input line 56.
Package epstopdf Info: Output file is already uptodate.

<fig/twopath-eps-converted-to.pdf, id=67, 520.94624pt x 423.5825pt>
File: fig/twopath-eps-converted-to.pdf Graphic file (type pdf)

<use fig/twopath-eps-converted-to.pdf>
Package pdftex.def Info: fig/twopath-eps-converted-to.pdf used on input line 56
.
(pdftex.def)             Requested size: 166.32092pt x 135.23247pt.
Package epstopdf Info: Source file: <fig/twopaths_tp_comp.eps>
(epstopdf)                    date: 2014-11-01 23:48:52
(epstopdf)                    size: 19583 bytes
(epstopdf)             Output file: <fig/twopaths_tp_comp-eps-converted-to.pdf>

(epstopdf)                    date: 2014-11-02 13:38:07
(epstopdf)                    size: 15568 bytes
(epstopdf)             Command: <repstopdf --outfile=fig/twopaths_tp_comp-eps-c
onverted-to.pdf fig/twopaths_tp_comp.eps>
(epstopdf)             \includegraphics on input line 57.
Package epstopdf Info: Output file is already uptodate.

<fig/twopaths_tp_comp-eps-converted-to.pdf, id=68, 520.94624pt x 423.5825pt>
File: fig/twopaths_tp_comp-eps-converted-to.pdf Graphic file (type pdf)

<use fig/twopaths_tp_comp-eps-converted-to.pdf>
Package pdftex.def Info: fig/twopaths_tp_comp-eps-converted-to.pdf used on inpu
t line 57.
(pdftex.def)             Requested size: 166.32092pt x 135.23247pt.
Package epstopdf Info: Source file: <fig/twopaths_qd_comp.eps>
(epstopdf)                    date: 2014-10-30 22:08:07
(epstopdf)                    size: 16772 bytes
(epstopdf)             Output file: <fig/twopaths_qd_comp-eps-converted-to.pdf>

(epstopdf)                    date: 2014-10-30 22:08:07
(epstopdf)                    size: 12803 bytes
(epstopdf)             Command: <repstopdf --outfile=fig/twopaths_qd_comp-eps-c
onverted-to.pdf fig/twopaths_qd_comp.eps>
(epstopdf)             \includegraphics on input line 58.
Package epstopdf Info: Output file is already uptodate.

<fig/twopaths_qd_comp-eps-converted-to.pdf, id=69, 516.93124pt x 423.5825pt>
File: fig/twopaths_qd_comp-eps-converted-to.pdf Graphic file (type pdf)

<use fig/twopaths_qd_comp-eps-converted-to.pdf>
Package pdftex.def Info: fig/twopaths_qd_comp-eps-converted-to.pdf used on inpu
t line 58.
(pdftex.def)             Requested size: 166.32092pt x 136.28598pt.
Package epstopdf Info: Source file: <fig/skype_tp_comp.eps>
(epstopdf)                    date: 2014-11-01 23:48:52
(epstopdf)                    size: 14675 bytes
(epstopdf)             Output file: <fig/skype_tp_comp-eps-converted-to.pdf>
(epstopdf)                    date: 2014-11-02 13:38:08
(epstopdf)                    size: 10171 bytes
(epstopdf)             Command: <repstopdf --outfile=fig/skype_tp_comp-eps-conv
erted-to.pdf fig/skype_tp_comp.eps>
(epstopdf)             \includegraphics on input line 59.
Package epstopdf Info: Output file is already uptodate.

<fig/skype_tp_comp-eps-converted-to.pdf, id=70, 512.91624pt x 423.5825pt>
File: fig/skype_tp_comp-eps-converted-to.pdf Graphic file (type pdf)

<use fig/skype_tp_comp-eps-converted-to.pdf>
Package pdftex.def Info: fig/skype_tp_comp-eps-converted-to.pdf used on input l
ine 59.
(pdftex.def)             Requested size: 166.32092pt x 137.35243pt.
Package epstopdf Info: Source file: <fig/skype_delay_comp.eps>
(epstopdf)                    date: 2014-11-01 23:48:52
(epstopdf)                    size: 12136 bytes
(epstopdf)             Output file: <fig/skype_delay_comp-eps-converted-to.pdf>

(epstopdf)                    date: 2014-11-02 13:38:10
(epstopdf)                    size: 8571 bytes
(epstopdf)             Command: <repstopdf --outfile=fig/skype_delay_comp-eps-c
onverted-to.pdf fig/skype_delay_comp.eps>
(epstopdf)             \includegraphics on input line 60.
Package epstopdf Info: Output file is already uptodate.

<fig/skype_delay_comp-eps-converted-to.pdf, id=71, 516.93124pt x 423.5825pt>
File: fig/skype_delay_comp-eps-converted-to.pdf Graphic file (type pdf)

<use fig/skype_delay_comp-eps-converted-to.pdf>
Package pdftex.def Info: fig/skype_delay_comp-eps-converted-to.pdf used on inpu
t line 60.
(pdftex.def)             Requested size: 166.32092pt x 136.28598pt.


LaTeX Warning: Float too large for page by 68.12924pt on input line 65.


LaTeX Warning: Reference `fig.skype' on page \thepage  undefined on input line 
79.


Overfull \hbox (5.6173pt too wide) in paragraph at lines 79--80
[]\T1/ptm/m/n/9 To show how this rule in-flu-ence Skype au-dio stream-ing, we c
hange
 []

[8 <./fig/outoforder-eps-converted-to.pdf>]

LaTeX Warning: Reference `fig.switch' on page \thepage  undefined on input line
 85.

) (./conext14.bbl) [9

] [10 <./fig/out_of_order_wo_sack-eps-converted-to.pdf> <./fig/out_of_order_w_s
ack-eps-converted-to.pdf> <./fig/clock-eps-converted-to.pdf> <./fig/implementat
ion-eps-converted-to.pdf> <./fig/no_limit-eps-converted-to.pdf> <./fig/no_limit
_tp_comp-eps-converted-to.pdf> <./fig/no_limit_qd_comp-eps-converted-to.pdf> <.
/fig/limit-eps-converted-to.pdf> <./fig/limit_tp_comp-eps-converted-to.pdf> <./
fig/limit_qd_comp-eps-converted-to.pdf> <./fig/delay_1-eps-converted-to.pdf> <.
/fig/delay_tp_comp-eps-converted-to.pdf> <./fig/delay_qd_com-eps-converted-to.p
df> <./fig/wireless-eps-converted-to.pdf> <./fig/wireless_tp_comp-eps-converted
-to.pdf>] [11 <./fig/wireless_qd_comp-eps-converted-to.pdf> <./fig/routing_ack-
eps-converted-to.pdf> <./fig/emulab-eps-converted-to.pdf> <./fig/emulab_tp_comp
-eps-converted-to.pdf> <./fig/emulab_qd_comp-eps-converted-to.pdf> <./fig/pair_
limit-eps-converted-to.pdf> <./fig/pair_limit_tp_comp-eps-converted-to.pdf> <./
fig/pair_limit_qd_comp-eps-converted-to.pdf> <./fig/twopath-eps-converted-to.pd
f> <./fig/twopaths_tp_comp-eps-converted-to.pdf> <./fig/twopaths_qd_comp-eps-co
nverted-to.pdf> <./fig/skype_tp_comp-eps-converted-to.pdf> <./fig/skype_delay_c
omp-eps-converted-to.pdf>] (./conext14.aux)

LaTeX Warning: There were undefined references.


LaTeX Warning: There were multiply-defined labels.

 ) 
Here is how much of TeX's memory you used:
 4824 strings out of 493307
 69984 string characters out of 6139905
 146710 words of memory out of 5000000
 8124 multiletter control sequences out of 15000+600000
 52603 words of font info for 67 fonts, out of 8000000 for 9000
 957 hyphenation exceptions out of 8191
 42i,12n,38p,1391b,591s stack positions out of 5000i,500n,10000p,200000b,80000s
{/usr/share/texlive/texmf-dist/fonts/enc/dvips/base/8r.enc}</usr/share/texliv
e/texmf-dist/fonts/type1/public/amsfonts/cmextra/cmex7.pfb></usr/share/texlive/
texmf-dist/fonts/type1/public/amsfonts/cmextra/cmex9.pfb></usr/share/texlive/te
xmf-dist/fonts/type1/public/amsfonts/cm/cmmi5.pfb></usr/share/texlive/texmf-dis
t/fonts/type1/public/amsfonts/cm/cmmi6.pfb></usr/share/texlive/texmf-dist/fonts
/type1/public/amsfonts/cm/cmmi8.pfb></usr/share/texlive/texmf-dist/fonts/type1/
public/amsfonts/cm/cmmi9.pfb></usr/share/texlive/texmf-dist/fonts/type1/public/
amsfonts/cm/cmr5.pfb></usr/share/texlive/texmf-dist/fonts/type1/public/amsfonts
/cm/cmr6.pfb></usr/share/texlive/texmf-dist/fonts/type1/public/amsfonts/cm/cmr9
.pfb></usr/share/texlive/texmf-dist/fonts/type1/public/amsfonts/cm/cmsy9.pfb></
usr/share/texlive/texmf-dist/fonts/type1/urw/helvetic/uhvb8a.pfb></usr/share/te
xlive/texmf-dist/fonts/type1/urw/times/utmb8a.pfb></usr/share/texlive/texmf-dis
t/fonts/type1/urw/times/utmr8a.pfb></usr/share/texlive/texmf-dist/fonts/type1/u
rw/times/utmri8a.pfb>
Output written on conext14.pdf (11 pages, 674843 bytes).
PDF statistics:
 274 PDF objects out of 1000 (max. 8388607)
 185 compressed objects within 2 object streams
 0 named destinations out of 1000 (max. 500000)
 151 words of extra memory for PDF output out of 10000 (max. 10000000)

